<?xml version="1.0" encoding="UTF-8"?>
<testng-results skipped="0" failed="0" ignored="0" total="1" passed="1">
  <reporter-output>
  </reporter-output>
  <suite name="Facebook" duration-ms="15188" started-at="2023-07-13T17:10:08Z" finished-at="2023-07-13T17:10:24Z">
    <groups>
    </groups>
    <test name="TC005_Login_Test_with_Screenshot" duration-ms="15188" started-at="2023-07-13T17:10:08Z" finished-at="2023-07-13T17:10:24Z">
      <class name="com.Facebook.testCases.TC005_Login_Test_with_Screenshot">
        <test-method status="PASS" signature="setUp(java.lang.String)[pri:0, instance:com.Facebook.testCases.TC005_Login_Test_with_Screenshot@3ee3a2]" name="setUp" is-config="true" duration-ms="3955" started-at="2023-07-13T17:10:09Z" finished-at="2023-07-13T17:10:13Z">
          <params>
            <param index="0">
              <value>
                <![CDATA[chrome]]>
              </value>
            </param>
          </params>
          <reporter-output>
          </reporter-output>
        </test-method> <!-- setUp -->
        <test-method status="PASS" signature="loginTest()[pri:0, instance:com.Facebook.testCases.TC005_Login_Test_with_Screenshot@3ee3a2]" name="loginTest" duration-ms="9707" started-at="2023-07-13T17:10:13Z" finished-at="2023-07-13T17:10:22Z">
          <reporter-output>
          </reporter-output>
        </test-method> <!-- loginTest -->
        <test-method status="PASS" signature="tearDown()[pri:0, instance:com.Facebook.testCases.TC005_Login_Test_with_Screenshot@3ee3a2]" name="tearDown" is-config="true" duration-ms="1185" started-at="2023-07-13T17:10:22Z" finished-at="2023-07-13T17:10:24Z">
          <reporter-output>
          </reporter-output>
        </test-method> <!-- tearDown -->
      </class> <!-- com.Facebook.testCases.TC005_Login_Test_with_Screenshot -->
    </test> <!-- TC005_Login_Test_with_Screenshot -->
  </suite> <!-- Facebook -->
</testng-results>
